#
# There is insufficient memory for the Java Runtime Environment to continue.
# Native memory allocation (mmap) failed to map 268435456 bytes for G1 virtual space
# Possible reasons:
#   The system is out of physical RAM or swap space
#   The process is running with CompressedOops enabled, and the Java Heap may be blocking the growth of the native heap
# Possible solutions:
#   Reduce memory load on the system
#   Increase physical memory or swap space
#   Check if swap backing store is full
#   Decrease Java heap size (-Xmx/-Xms)
#   Decrease number of Java threads
#   Decrease Java thread stack sizes (-Xss)
#   Set larger code cache with -XX:ReservedCodeCacheSize=
#   JVM is running with Zero Based Compressed Oops mode in which the Java heap is
#     placed in the first 32GB address space. The Java Heap base address is the
#     maximum limit for the native heap growth. Please use -XX:HeapBaseMinAddress
#     to set the Java Heap base and to place the Java Heap above 32GB virtual address.
# This output file may be truncated or incomplete.
#
#  Out of Memory Error (./open/src/hotspot/os/windows/os_windows.cpp:3472), pid=1892, tid=11472
#
# JRE version:  (15.0.1+9) (build )
# Java VM: OpenJDK 64-Bit Server VM (15.0.1+9-18, mixed mode, sharing, tiered, compressed oops, g1 gc, windows-amd64)
# No core dump will be written. Minidumps are not enabled by default on client versions of Windows
#

---------------  S U M M A R Y ------------

Command Line: -javaagent:D:\Intell\IntelliJ IDEA 2020.2.2\lib\idea_rt.jar=53115:D:\Intell\IntelliJ IDEA 2020.2.2\bin -Dfile.encoding=UTF-8 StoreMessage

Host: Intel(R) Core(TM) i7-8550U CPU @ 1.80GHz, 8 cores, 15G,  Windows 10 , 64 bit Build 19041 (10.0.19041.928)
Time: Wed May  5 15:11:21 2021 Беларусь (зима) elapsed time: 0.033913 seconds (0d 0h 0m 0s)

---------------  T H R E A D  ---------------

Current thread (0x0000021af3738450):  JavaThread "Unknown thread" [_thread_in_vm, id=11472, stack(0x000000440e100000,0x000000440e200000)]

Stack: [0x000000440e100000,0x000000440e200000]
Native frames: (J=compiled Java code, j=interpreted, Vv=VM code, C=native code)
V  [jvm.dll+0x62ae9a]
V  [jvm.dll+0x781389]
V  [jvm.dll+0x782ae3]
V  [jvm.dll+0x783143]
V  [jvm.dll+0x216265]
V  [jvm.dll+0x6281d9]
V  [jvm.dll+0x61cd15]
V  [jvm.dll+0x2d01fd]
V  [jvm.dll+0x2d0062]
V  [jvm.dll+0x2d603c]
V  [jvm.dll+0x325b2a]
V  [jvm.dll+0x3251f4]
V  [jvm.dll+0x2a717a]
V  [jvm.dll+0x2a8318]
V  [jvm.dll+0x75e101]
V  [jvm.dll+0x3343e4]
V  [jvm.dll+0x73e826]
V  [jvm.dll+0x3b7777]
V  [jvm.dll+0x3b9201]
C  [jli.dll+0x52fb]
C  [ucrtbase.dll+0x21bb2]
C  [KERNEL32.DLL+0x17034]
C  [ntdll.dll+0x52651]


---------------  P R O C E S S  ---------------

Threads class SMR info:
_java_thread_list=0x00007ffa5f124ff0, length=0, elements={
}

Java Threads: ( => current thread )

Other Threads:
  0x0000021af3789ab0 GCTaskThread "GC Thread#0" [stack: 0x000000440e200000,0x000000440e300000] [id=14640]
  0x0000021af379ab10 ConcurrentGCThread "G1 Main Marker" [stack: 0x000000440e300000,0x000000440e400000] [id=14956]
  0x0000021af379bea0 ConcurrentGCThread "G1 Conc#0" [stack: 0x000000440e400000,0x000000440e500000] [id=11312]

[error occurred during error reporting (printing all threads), id 0xc0000005, EXCEPTION_ACCESS_VIOLATION (0xc0000005) at pc=0x00007ffa5e918047]

VM state: not at safepoint (not fully initialized)

VM Mutex/Monitor currently owned by a thread:  ([mutex/lock_event])
[0x0000021af37314c0] Heap_lock - owner thread: 0x0000021af3738450

Heap address: 0x0000000701c00000, size: 4068 MB, Compressed Oops mode: Zero based, Oop shift amount: 3
CDS archive(s) mapped at: [0x0000000000000000-0x0000000000000000-0x0000000000000000), size 0, SharedBaseAddress: 0x0000000800000000, ArchiveRelocationMode: 0.
Narrow klass base: 0x0000000000000000, Narrow klass shift: 0, Narrow klass range: 0x0

Heap:
 garbage-first heap   total 262144K, used 0K [0x0000000701c00000, 0x0000000800000000)
  region size 2048K, 0 young (0K), 0 survivors (0K)
 Metaspace       used 0K, capacity 0K, committed 0K, reserved 0K
  class space    used 0K, capacity 0K, committed 0K, reserved 0K

Heap Regions: E=young(eden), S=young(survivor), O=old, HS=humongous(starts), HC=humongous(continues), CS=collection set, F=free, OA=open archive, CA=closed archive, TAMS=top-at-mark-start (previous, next)

Card table byte_map: [0x0000021afc490000,0x0000021afcc90000] _byte_map_base: 0x0000021af8c82000

Marking Bits (Prev, Next): (CMBitMap*) 0x0000021af378a2a0, (CMBitMap*) 0x0000021af378a2e0
 Prev Bits: [0x0000021a8f000000, 0x0000021a92f90000)
 Next Bits: [0x0000021a92f90000, 0x0000021a96f20000)

GC Heap History (0 events):
No events

Deoptimization events (0 events):
No events

Classes unloaded (0 events):
No events

Classes redefined (0 events):
No events

Internal exceptions (0 events):
No events

Events (1 events):
Event: 0.014 Loaded shared library C:\Users\Mi\.jdks\openjdk-15.0.1-1\bin\java.dll


Dynamic libraries:
0x00007ff690b70000 - 0x00007ff690b7d000 	C:\Users\Mi\.jdks\openjdk-15.0.1-1\bin\java.exe
0x00007ffa9e4d0000 - 0x00007ffa9e6c5000 	C:\WINDOWS\SYSTEM32\ntdll.dll
0x00007ffa84350000 - 0x00007ffa84363000 	C:\Program Files\Avast Software\Avast\aswhook.dll
0x00007ffa9da50000 - 0x00007ffa9db0d000 	C:\WINDOWS\System32\KERNEL32.DLL
0x00007ffa9bef0000 - 0x00007ffa9c1b8000 	C:\WINDOWS\System32\KERNELBASE.dll
0x00007ffa9bc10000 - 0x00007ffa9bd10000 	C:\WINDOWS\System32\ucrtbase.dll
0x00007ffa95c30000 - 0x00007ffa95c48000 	C:\Users\Mi\.jdks\openjdk-15.0.1-1\bin\jli.dll
0x00007ffa95c50000 - 0x00007ffa95c69000 	C:\Users\Mi\.jdks\openjdk-15.0.1-1\bin\VCRUNTIME140.dll
0x00007ffa9df50000 - 0x00007ffa9e0f0000 	C:\WINDOWS\System32\USER32.dll
0x00007ffa9c500000 - 0x00007ffa9c522000 	C:\WINDOWS\System32\win32u.dll
0x00007ffa89440000 - 0x00007ffa896da000 	C:\WINDOWS\WinSxS\amd64_microsoft.windows.common-controls_6595b64144ccf1df_6.0.19041.844_none_ca00b6081b84eb1d\COMCTL32.dll
0x00007ffa9c9a0000 - 0x00007ffa9c9ca000 	C:\WINDOWS\System32\GDI32.dll
0x00007ffa9dc80000 - 0x00007ffa9dd1e000 	C:\WINDOWS\System32\msvcrt.dll
0x00007ffa9c3f0000 - 0x00007ffa9c4fb000 	C:\WINDOWS\System32\gdi32full.dll
0x00007ffa9be50000 - 0x00007ffa9beed000 	C:\WINDOWS\System32\msvcp_win.dll
0x00007ffa9d3d0000 - 0x00007ffa9d400000 	C:\WINDOWS\System32\IMM32.DLL
0x00007ffa975a0000 - 0x00007ffa975ac000 	C:\Users\Mi\.jdks\openjdk-15.0.1-1\bin\vcruntime140_1.dll
0x00007ffa942e0000 - 0x00007ffa94371000 	C:\Users\Mi\.jdks\openjdk-15.0.1-1\bin\msvcp140.dll
0x00007ffa5e660000 - 0x00007ffa5f1be000 	C:\Users\Mi\.jdks\openjdk-15.0.1-1\bin\server\jvm.dll
0x00007ffa9db10000 - 0x00007ffa9dbbc000 	C:\WINDOWS\System32\ADVAPI32.dll
0x00007ffa9e150000 - 0x00007ffa9e1eb000 	C:\WINDOWS\System32\sechost.dll
0x00007ffa9e1f0000 - 0x00007ffa9e31b000 	C:\WINDOWS\System32\RPCRT4.dll
0x00007ffa9dbc0000 - 0x00007ffa9dbc8000 	C:\WINDOWS\System32\PSAPI.DLL
0x00007ffa87390000 - 0x00007ffa87399000 	C:\WINDOWS\SYSTEM32\WSOCK32.dll
0x00007ffa8b3c0000 - 0x00007ffa8b3e7000 	C:\WINDOWS\SYSTEM32\WINMM.dll
0x00007ffa943c0000 - 0x00007ffa943ca000 	C:\WINDOWS\SYSTEM32\VERSION.dll
0x00007ffa9d760000 - 0x00007ffa9d7cb000 	C:\WINDOWS\System32\WS2_32.dll
0x00007ffa9a510000 - 0x00007ffa9a522000 	C:\WINDOWS\SYSTEM32\kernel.appcore.dll
0x00007ffa96120000 - 0x00007ffa9612a000 	C:\Users\Mi\.jdks\openjdk-15.0.1-1\bin\jimage.dll
0x00007ffa8fb10000 - 0x00007ffa8fcf4000 	C:\WINDOWS\SYSTEM32\DBGHELP.DLL
0x00007ffa8fa80000 - 0x00007ffa8faac000 	C:\WINDOWS\SYSTEM32\dbgcore.DLL
0x00007ffa9c1c0000 - 0x00007ffa9c240000 	C:\WINDOWS\System32\bcryptPrimitives.dll
0x00007ffa960e0000 - 0x00007ffa960ee000 	C:\Users\Mi\.jdks\openjdk-15.0.1-1\bin\instrument.dll
0x00007ffa95c00000 - 0x00007ffa95c25000 	C:\Users\Mi\.jdks\openjdk-15.0.1-1\bin\java.dll

dbghelp: loaded successfully - version: 4.0.5 - missing functions: none
symbol engine: initialized successfully - sym options: 0x614 - pdb path: .;C:\Users\Mi\.jdks\openjdk-15.0.1-1\bin;C:\WINDOWS\SYSTEM32;C:\Program Files\Avast Software\Avast;C:\WINDOWS\WinSxS\amd64_microsoft.windows.common-controls_6595b64144ccf1df_6.0.19041.844_none_ca00b6081b84eb1d;C:\Users\Mi\.jdks\openjdk-15.0.1-1\bin\server

VM Arguments:
jvm_args: -javaagent:D:\Intell\IntelliJ IDEA 2020.2.2\lib\idea_rt.jar=53115:D:\Intell\IntelliJ IDEA 2020.2.2\bin -Dfile.encoding=UTF-8 
java_command: StoreMessage
java_class_path (initial): D:\УНИВЕР\3 курс 2 сем\РИС\lab7\lab7\target\classes;C:\Users\Mi\.m2\repository\org\apache\axis\axis\1.4\axis-1.4.jar;C:\Users\Mi\.m2\repository\commons-logging\commons-logging\1.0.4\commons-logging-1.0.4.jar;C:\Users\Mi\.m2\repository\commons-discovery\commons-discovery\0.2\commons-discovery-0.2.jar;C:\Users\Mi\.m2\repository\javax\xml\jaxrpc-api\1.1\jaxrpc-api-1.1.jar;C:\Users\Mi\.m2\repository\javax\xml\soap\javax.xml.soap-api\1.4.0\javax.xml.soap-api-1.4.0.jar;C:\Users\Mi\.m2\repository\com\sun\xml\messaging\saaj\saaj-impl\1.5.1\saaj-impl-1.5.1.jar;C:\Users\Mi\.m2\repository\jakarta\xml\bind\jakarta.xml.bind-api\2.3.2\jakarta.xml.bind-api-2.3.2.jar;C:\Users\Mi\.m2\repository\jakarta\activation\jakarta.activation-api\1.2.1\jakarta.activation-api-1.2.1.jar;C:\Users\Mi\.m2\repository\jakarta\xml\soap\jakarta.xml.soap-api\1.4.1\jakarta.xml.soap-api-1.4.1.jar;C:\Users\Mi\.m2\repository\org\jvnet\mimepull\mimepull\1.9.11\mimepull-1.9.11.jar;C:\Users\Mi\.m2\repository\org\jvnet\staxex\stax-ex\1.8.1\stax-ex-1.8.1.jar
Launcher Type: SUN_STANDARD

[Global flags]
     intx CICompilerCount                          = 4                                         {product} {ergonomic}
     uint ConcGCThreads                            = 2                                         {product} {ergonomic}
     uint G1ConcRefinementThreads                  = 8                                         {product} {ergonomic}
   size_t G1HeapRegionSize                         = 2097152                                   {product} {ergonomic}
    uintx GCDrainStackTargetSize                   = 64                                        {product} {ergonomic}
   size_t InitialHeapSize                          = 268435456                                 {product} {ergonomic}
   size_t MarkStackSize                            = 4194304                                   {product} {ergonomic}
   size_t MaxHeapSize                              = 4265607168                                {product} {ergonomic}
   size_t MinHeapDeltaBytes                        = 2097152                                   {product} {ergonomic}
   size_t MinHeapSize                              = 8388608                                   {product} {ergonomic}
    uintx NonNMethodCodeHeapSize                   = 5839372                                {pd product} {ergonomic}
    uintx NonProfiledCodeHeapSize                  = 122909434                              {pd product} {ergonomic}
    uintx ProfiledCodeHeapSize                     = 122909434                              {pd product} {ergonomic}
    uintx ReservedCodeCacheSize                    = 251658240                              {pd product} {ergonomic}
     bool SegmentedCodeCache                       = true                                      {product} {ergonomic}
   size_t SoftMaxHeapSize                          = 4265607168                             {manageable} {ergonomic}
     bool UseCompressedClassPointers               = true                                 {lp64_product} {ergonomic}
     bool UseCompressedOops                        = true                                 {lp64_product} {ergonomic}
     bool UseG1GC                                  = true                                      {product} {ergonomic}
     bool UseLargePagesIndividualAllocation        = false                                  {pd product} {ergonomic}

Logging:
Log output configuration:
 #0: stdout all=warning uptime,level,tags
 #1: stderr all=off uptime,level,tags

Environment Variables:
JAVA_HOME=C:\Program Files\Java\jdk-13.0.1
PATH=C:\Program Files (x86)\Common Files\Oracle\Java\javapath;C:\ProgramData\Oracle\Java\javapath;C:\WINDOWS\system32;C:\WINDOWS;C:\WINDOWS\System32\Wbem;C:\WINDOWS\System32\WindowsPowerShell\v1.0\;C:\WINDOWS\System32\OpenSSH\;C:\Program Files\Microsoft SQL Server\130\Tools\Binn\;C:\Program Files\Microsoft SQL Server\110\Tools\Binn\;C:\Program Files\Microsoft SQL Server\120\Tools\Binn\;D:\GIT установка\Git\cmd;C:\Program Files\maven\apache-maven-3.6.3\bin;C:\Program Files\Java\jdk-13.0.1\bin;C:\Program Files\MySQL\MySQL Shell 8.0\bin\;C:\Users\Mi\AppData\Local\Microsoft\WindowsApps;C:\Users\Mi\AppData\Local\Programs\Microsoft VS Code\bin;D:\IntellJ IDEA\IntelliJ IDEA Community Edition 2020.2.1\bin;;C:\Program Files\maven\apache-maven-3.6.3\bin;C:\Program Files\Java\jdk-13.0.1\bin;
USERNAME=Mi
OS=Windows_NT
PROCESSOR_IDENTIFIER=Intel64 Family 6 Model 142 Stepping 10, GenuineIntel



---------------  S Y S T E M  ---------------

OS:
 Windows 10 , 64 bit Build 19041 (10.0.19041.928)
OS uptime: 0 days 5:09 hours

CPU: total 8 (initial active 8) (4 cores per cpu, 2 threads per core) family 6 model 142 stepping 10 microcode 0xe0, cmov, cx8, fxsr, mmx, sse, sse2, sse3, ssse3, sse4.1, sse4.2, popcnt, vzeroupper, avx, avx2, aes, clmul, erms, 3dnowpref, lzcnt, ht, tsc, tscinvbit, bmi1, bmi2, adx, fma, clflush, clflushopt

Memory: 4k page, system-wide physical 16268M (6174M free)
TotalPageFile size 19197M (AvailPageFile size 5M)
current process WorkingSet (physical memory assigned to process): 10M, peak: 10M
current process commit charge ("private bytes"): 60M, peak: 316M

vm_info: OpenJDK 64-Bit Server VM (15.0.1+9-18) for windows-amd64 JRE (15.0.1+9-18), built on Sep 15 2020 14:39:31 by "mach5one" with unknown MS VC++:1925

END.
